<?xml version="1.0" encoding="UTF-8"?>
<!-- Generated by org.testng.reporters.JUnitReportReporter -->
<testsuite hostname="LAPTOP-JUA2O6EJ" failures="0" tests="2" name="testCases.TC002_LoginTest" time="3.975" errors="0" timestamp="2025-05-19T18:20:54 IST" skipped="0">
  <testcase classname="testCases.TC002_LoginTest" name="verify_login" time="1.734"/>
  <testcase classname="testCases.TC002_LoginTest" name="verify_login" time="2.241"/>
</testsuite> <!-- testCases.TC002_LoginTest -->
