<?xml version="1.0" encoding="UTF-8"?>
<!-- Generated by org.testng.reporters.JUnitReportReporter -->
<testsuite hostname="LAPTOP-JUA2O6EJ" failures="0" tests="1" name="testCases.Tc_AcccountRegistrationTest" time="3.954" errors="0" timestamp="2025-05-05T23:37:18 IST" skipped="0">
  <testcase classname="testCases.Tc_AcccountRegistrationTest" name="verify_account_registration" time="3.954"/>
</testsuite> <!-- testCases.Tc_AcccountRegistrationTest -->
