<?xml version="1.0" encoding="UTF-8"?>
<!-- Generated by org.testng.reporters.JUnitReportReporter -->
<testsuite hostname="LAPTOP-JUA2O6EJ" failures="0" tests="1" name="testCases.TC002_LoginTest" time="1.527" errors="0" timestamp="2025-05-19T23:57:06 IST" skipped="0">
  <testcase classname="testCases.TC002_LoginTest" name="verify_login" time="1.527"/>
</testsuite> <!-- testCases.TC002_LoginTest -->
