<?xml version="1.0" encoding="UTF-8"?>
<!-- Generated by org.testng.reporters.JUnitReportReporter -->
<testsuite hostname="LAPTOP-JUA2O6EJ" failures="0" tests="1" name="testCases.TC001_AcccountRegistrationTest" time="4.160" errors="0" timestamp="2025-05-19T23:57:06 IST" skipped="0">
  <testcase classname="testCases.TC001_AcccountRegistrationTest" name="verify_account_registration" time="4.160"/>
</testsuite> <!-- testCases.TC001_AcccountRegistrationTest -->
